<?xml version="1.0" encoding="UTF-8"?>
<testng-results ignored="0" total="1" passed="1" failed="0" skipped="0">
  <reporter-output>
  </reporter-output>
  <suite started-at="2022-08-08T15:24:38 GMT+01:00" name="Default suite" finished-at="2022-08-08T15:24:38 GMT+01:00" duration-ms="50">
    <groups>
    </groups>
    <test started-at="2022-08-08T15:24:38 GMT+01:00" name="Default test" finished-at="2022-08-08T15:24:38 GMT+01:00" duration-ms="50">
      <class name="test.NewTest">
        <test-method is-config="true" signature="beforeMethod()[pri:0, instance:test.NewTest@4d465b11]" started-at="2022-08-08T15:24:38 GMT+01:00" name="beforeMethod" finished-at="2022-08-08T15:24:38 GMT+01:00" duration-ms="5" status="PASS">
          <reporter-output>
          </reporter-output>
        </test-method> <!-- beforeMethod -->
        <test-method signature="gmailLogin()[pri:0, instance:test.NewTest@4d465b11]" started-at="2022-08-08T15:24:38 GMT+01:00" name="gmailLogin" finished-at="2022-08-08T15:24:38 GMT+01:00" duration-ms="5" status="PASS">
          <reporter-output>
          </reporter-output>
        </test-method> <!-- gmailLogin -->
        <test-method is-config="true" signature="afterMethod()[pri:0, instance:test.NewTest@4d465b11]" started-at="2022-08-08T15:24:38 GMT+01:00" name="afterMethod" finished-at="2022-08-08T15:24:38 GMT+01:00" duration-ms="1" status="PASS">
          <reporter-output>
          </reporter-output>
        </test-method> <!-- afterMethod -->
      </class> <!-- test.NewTest -->
    </test> <!-- Default test -->
  </suite> <!-- Default suite -->
</testng-results>
